> Task :compileJava UP-TO-DATE
> Task :processResources UP-TO-DATE
> Task :classes UP-TO-DATE

> Task :Main.main()
0 [main] DEBUG org.eclipse.jetty.util.log  - Logging to org.slf4j.impl.Log4jLoggerAdapter(org.eclipse.jetty.util.log) via org.eclipse.jetty.util.log.Slf4jLog
26 [main] INFO org.eclipse.jetty.util.log  - Logging initialized @1252ms to org.eclipse.jetty.util.log.Slf4jLog
282 [main] INFO io.javalin.Javalin  - Static file handler added:
    {urlPathPrefix: "/", path: "/public", location: Location.CLASSPATH}
    Resolved path: 'file:///C:/Users/Michael/Revature/0412_javapp_august/Michael_Fong_Code/Project1/build/resources/main/public/'
470 [main] INFO io.javalin.Javalin  - 
           __                      __ _
          / /____ _ _   __ ____ _ / /(_)____
     __  / // __ `/| | / // __ `// // // __ \
    / /_/ // /_/ / | |/ // /_/ // // // / / /
    \____/ \__,_/  |___/ \__,_//_//_//_/ /_/

        https://javalin.io/documentation

474 [main] INFO io.javalin.Javalin  - Starting Javalin ...
1640 [main] INFO io.javalin.Javalin  - Listening on http://localhost:7777/
1641 [main] INFO io.javalin.Javalin  - Javalin started in 1171ms \o/
3186 [main] INFO org.mongodb.driver.cluster  - Cluster created with settings {hosts=[localhost:27017], mode=SINGLE, requiredClusterType=UNKNOWN, serverSelectionTimeout='30000 ms'}
3252 [main] DEBUG org.mongodb.driver.cluster  - Updating cluster description to  {type=UNKNOWN, servers=[{address=localhost:27017, type=UNKNOWN, state=CONNECTING}]
3345 [main] INFO org.mongodb.driver.cluster  - Cluster created with settings {hosts=[localhost:27017], mode=SINGLE, requiredClusterType=UNKNOWN, serverSelectionTimeout='30000 ms'}
3346 [main] DEBUG org.mongodb.driver.cluster  - Updating cluster description to  {type=UNKNOWN, servers=[{address=localhost:27017, type=UNKNOWN, state=CONNECTING}]
3348 [main] INFO org.mongodb.driver.cluster  - Cluster created with settings {hosts=[localhost:27017], mode=SINGLE, requiredClusterType=UNKNOWN, serverSelectionTimeout='30000 ms'}
3350 [main] DEBUG org.mongodb.driver.cluster  - Updating cluster description to  {type=UNKNOWN, servers=[{address=localhost:27017, type=UNKNOWN, state=CONNECTING}]
3365 [main] INFO org.mongodb.driver.cluster  - Cluster created with settings {hosts=[localhost:27017], mode=SINGLE, requiredClusterType=UNKNOWN, serverSelectionTimeout='30000 ms'}
3367 [main] DEBUG org.mongodb.driver.cluster  - Updating cluster description to  {type=UNKNOWN, servers=[{address=localhost:27017, type=UNKNOWN, state=CONNECTING}]
Wordpass

> Task :Main.main() FAILED

FAILURE: Build failed with an exception.

* What went wrong:
Execution failed for task ':Main.main()'.
> Build cancelled while executing task ':Main.main()'

* Try:
Run with --stacktrace option to get the stack trace. Run with --info or --debug option to get more log output. Run with --scan to get full insights.

* Get more help at https://help.gradle.org

Deprecated Gradle features were used in this build, making it incompatible with Gradle 7.0.
Use '--warning-mode all' to show the individual deprecation warnings.
See https://docs.gradle.org/6.8/userguide/command_line_interface.html#sec:command_line_warnings

BUILD FAILED in 2m 35s
3 actionable tasks: 1 executed, 2 up-to-date
